#-----------------------------------------------------------
# xsim v2021.1 (64-bit)
# SW Build 3247384 on Thu Jun 10 19:36:07 MDT 2021
# IP Build 3246043 on Fri Jun 11 00:30:35 MDT 2021
# Start of session at: Wed Mar  6 09:30:15 2024
# Process ID: 3201871
# Current directory: /home/joc460/gitclones/3700/midterm
# Command line: xsim -mode tcl -source {xsim.dir/sim/xsim_script.tcl}
# Log file: /home/joc460/gitclones/3700/midterm/xsim.log
# Journal file: /home/joc460/gitclones/3700/midterm/xsim.jou
#-----------------------------------------------------------
source xsim.dir/sim/xsim_script.tcl
# xsim {sim} -autoloadwcfg -runall
Time resolution is 1 ps
run -all
clk:            0	keys:  0000000000000000
clk:            1	keys:  0000000000000000
clk:            2	keys:  0000000000000000
clk:            3	keys:  0000000000000000
clk:            4	keys:  0000000000000000
clk:            5	keys:  0000000000000000
clk:            6	keys:  0000000000000000
clk:            7	keys:  0000000000000000
clk:            8	keys:  0000000000000000
clk:            9	keys:  0000000000000000
clk:           10	keys:  0000000000000000
clk:           11	keys:  0000000000000000
clk:           12	keys:  0000000000000000
clk:           13	keys:  0000000000000000
clk:           14	keys:  0000000000000000
clk:           15	keys:  0000000000000000
clk:           16	keys:  0000000000000000
clk:           17	keys:  0000000000000000
clk:           18	keys:  0000000000000000
clk:           19	keys:  0000000000000000
clk:           20	keys:  0000000000000000
clk:           21	keys:  0000000000000000
clk:           22	keys:  0000000000000000
clk:           23	keys:  0000000000000000
clk:           24	keys:  0000000000000000
clk:           25	keys:  0000000000000000
clk:           26	keys:  0000000000000000
clk:           27	keys:  0000000000000000
clk:           28	keys:  0000000000000000
clk:           29	keys:  0000000000000000
clk:           30	keys:  0000000000000000
clk:           31	keys:  0000000000000000
clk:           32	keys:  0000000000000000
clk:           33	keys:  0000000000000000
clk:           34	keys:  0000000000000000
clk:           35	keys:  0000000000000000
clk:           36	keys:  0000000000000000
clk:           37	keys:  0000000000000000
clk:           38	keys:  0000000000000000
clk:           39	keys:  0000000000000000
clk:           40	keys:  0000000000000000
clk:           41	keys:  0000000000000000
clk:           42	keys:  0000000000000000
clk:           43	keys:  0000000000000000
clk:           44	keys:  0000000000000000
clk:           45	keys:  0000000000000000
clk:           46	keys:  0000000000000000
clk:           47	keys:  0000000000000000
clk:           48	keys:  0000000000000000
clk:           49	keys:  0000000000000000
clk:           50	keys:  0000000000000000
clk:           51	keys:  0000000000000000
clk:           52	keys:  0000000000000000
clk:           53	keys:  0000000000000000
clk:           54	keys:  0000000000000000
clk:           55	keys:  0000000000000000
clk:           56	keys:  0000000000000000
clk:           57	keys:  0000000000000000
clk:           58	keys:  0000000000000000
clk:           59	keys:  0000000000000000
clk:           60	keys:  0000000000000000
clk:           61	keys:  0000000000000000
clk:           62	keys:  0000000000000000
clk:           63	keys:  0000000000000000
clk:           64	keys:  0000000000000000
clk:           65	keys:  0000000000000000
clk:           66	keys:  0000000000000000
clk:           67	keys:  0000000000000000
clk:           68	keys:  0000000000000000
clk:           69	keys:  0000000000000000
clk:           70	keys:  0000000000000000
clk:           71	keys:  0000000000000000
clk:           72	keys:  0000000000000000
clk:           73	keys:  0000000000000000
clk:           74	keys:  0000000000000000
clk:           75	keys:  0000000000000000
clk:           76	keys:  0000000000000000
clk:           77	keys:  0000000000000000
clk:           78	keys:  0000000000000000
clk:           79	keys:  0000000000000000
clk:           80	keys:  0000000000000000
clk:           81	keys:  0000000000000000
clk:           82	keys:  0000000000000000
clk:           83	keys:  0000000000000000
clk:           84	keys:  0000000000000000
clk:           85	keys:  0000000000000000
clk:           86	keys:  0000000000000000
clk:           87	keys:  0000000000000000
clk:           88	keys:  0000000000000000
clk:           89	keys:  0000000000000000
clk:           90	keys:  0000000000000000
clk:           91	keys:  0000000000000000
clk:           92	keys:  0000000000000000
clk:           93	keys:  0000000000000000
clk:           94	keys:  0000000000000000
clk:           95	keys:  0000000000000000
clk:           96	keys:  0000000000000000
clk:           97	keys:  0000000000000000
clk:           98	keys:  0000000000000000
clk:           99	keys:  0000000000000000
clk:          100	keys:  0000000000000000
clk:          101	keys:  0000000000000000
clk:          102	keys:  0000000000000000
clk:          103	keys:  0000000000000000
clk:          104	keys:  0000000000000000
clk:          105	keys:  0000000000000000
clk:          106	keys:  0000000000000000
clk:          107	keys:  0000000000000000
clk:          108	keys:  0000000000000000
clk:          109	keys:  0000000000000000
clk:          110	keys:  0000000000000000
clk:          111	keys:  0000000000000000
clk:          112	keys:  0000000000000000
clk:          113	keys:  0000000000000000
clk:          114	keys:  0000000000000000
clk:          115	keys:  0000000000000000
clk:          116	keys:  0000000000000000
clk:          117	keys:  0000000000000000
clk:          118	keys:  0000000000000000
clk:          119	keys:  0000000000000000
clk:          120	keys:  0000000000000000
clk:          121	keys:  0000000000000000
clk:          122	keys:  0000000000000000
clk:          123	keys:  0000000000000000
clk:          124	keys:  0000000000000000
clk:          125	keys:  0000000000000000
clk:          126	keys:  0000000000000000
clk:          127	keys:  0000000000000000
clk:          128	keys:  0000000000000000
clk:          129	keys:  0000000000000000
clk:          130	keys:  0000000000000000
clk:          131	keys:  0000000000000000
clk:          132	keys:  0000000000000000
clk:          133	keys:  0000000000000000
clk:          134	keys:  0000000000000000
clk:          135	keys:  0000000000000000
clk:          136	keys:  0000000000000000
clk:          137	keys:  0000000000000000
clk:          138	keys:  0000000000000000
clk:          139	keys:  0000000000000000
clk:          140	keys:  0000000000000000
clk:          141	keys:  0000000000000000
clk:          142	keys:  0000000000000000
clk:          143	keys:  0000000000000000
clk:          144	keys:  0000000000000000
clk:          145	keys:  0000000000000000
clk:          146	keys:  0000000000000000
clk:          147	keys:  0000000000000000
clk:          148	keys:  0000000000000000
clk:          149	keys:  0000000000000000
clk:          150	keys:  0000000000000000
clk:          151	keys:  0000000000000000
clk:          152	keys:  0000000000000000
clk:          153	keys:  0000000000000000
clk:          154	keys:  0000000000000000
clk:          155	keys:  0000000000000000
clk:          156	keys:  0000000000000000
clk:          157	keys:  0000000000000000
clk:          158	keys:  0000000000000000
clk:          159	keys:  0000000000000000
clk:          160	keys:  0000000000000000
clk:          161	keys:  0000000000000000
clk:          162	keys:  0000000000000000
clk:          163	keys:  0000000000000000
clk:          164	keys:  0000000000000000
clk:          165	keys:  0000000000000000
clk:          166	keys:  0000000000000000
clk:          167	keys:  0000000000000000
clk:          168	keys:  0000000000000000
clk:          169	keys:  0000000000000000
clk:          170	keys:  0000000000000000
clk:          171	keys:  0000000000000000
clk:          172	keys:  0000000000000000
clk:          173	keys:  0000000000000000
clk:          174	keys:  0000000000000000
clk:          175	keys:  0000000000000000
clk:          176	keys:  0000000000000000
clk:          177	keys:  0000000000000000
clk:          178	keys:  0000000000000000
clk:          179	keys:  0000000000000000
clk:          180	keys:  0000000000000000
clk:          181	keys:  0000000000000000
clk:          182	keys:  0000000000000000
clk:          183	keys:  0000000000000000
clk:          184	keys:  0000000000000000
clk:          185	keys:  0000000000000000
clk:          186	keys:  0000000000000000
clk:          187	keys:  0000000000000000
clk:          188	keys:  0000000000000000
clk:          189	keys:  0000000000000000
clk:          190	keys:  0000000000000000
clk:          191	keys:  0000000000000000
clk:          192	keys:  0000000000000000
clk:          193	keys:  0000000000000000
clk:          194	keys:  0000000000000000
clk:          195	keys:  0000000000000000
clk:          196	keys:  0000000000000000
clk:          197	keys:  0000000000000000
clk:          198	keys:  0000000000000000
clk:          199	keys:  0000000000000000
clk:          200	keys:  0000000000000000
clk:          201	keys:  0000000000000000
clk:          202	keys:  0000000000000000
clk:          203	keys:  0000000000000000
clk:          204	keys:  0000000000000000
clk:          205	keys:  0000000000000000
clk:          206	keys:  0000000000000000
clk:          207	keys:  0000000000000000
clk:          208	keys:  0000000000000000
clk:          209	keys:  0000000000000000
clk:          210	keys:  0000000000000000
clk:          211	keys:  0000000000000000
clk:          212	keys:  0000000000000000
clk:          213	keys:  0000000000000000
clk:          214	keys:  0000000000000000
clk:          215	keys:  0000000000000000
clk:          216	keys:  0000000000000000
clk:          217	keys:  0000000000000000
clk:          218	keys:  0000000000000000
clk:          219	keys:  0000000000000000
clk:          220	keys:  0000000000000000
clk:          221	keys:  0000000000000000
clk:          222	keys:  0000000000000000
clk:          223	keys:  0000000000000000
clk:          224	keys:  0000000000000000
clk:          225	keys:  0000000000000000
clk:          226	keys:  0000000000000000
clk:          227	keys:  0000000000000000
clk:          228	keys:  0000000000000000
clk:          229	keys:  0000000000000000
clk:          230	keys:  0000000000000000
clk:          231	keys:  0000000000000000
clk:          232	keys:  0000000000000000
clk:          233	keys:  0000000000000000
clk:          234	keys:  0000000000000000
clk:          235	keys:  0000000000000000
clk:          236	keys:  0000000000000000
clk:          237	keys:  0000000000000000
clk:          238	keys:  0000000000000000
clk:          239	keys:  0000000000000000
clk:          240	keys:  0000000000000000
clk:          241	keys:  0000000000000000
clk:          242	keys:  0000000000000000
clk:          243	keys:  0000000000000000
clk:          244	keys:  0000000000000000
clk:          245	keys:  0000000000000000
clk:          246	keys:  0000000000000000
clk:          247	keys:  0000000000000000
clk:          248	keys:  0000000000000000
clk:          249	keys:  0000000000000000
clk:          250	keys:  0000000000000000
clk:          251	keys:  0000000000000000
clk:          252	keys:  0000000000000000
clk:          253	keys:  0000000000000000
clk:          254	keys:  0000000000000000
clk:          255	keys:  0000000000000000
clk:          256	keys:  0000000000000000
$finish called at time : 5130 ns : File "/home/joc460/gitclones/3700/midterm/src/testbench.v" Line 64
exit
INFO: [Common 17-206] Exiting xsim at Wed Mar  6 09:30:28 2024...
