#-----------------------------------------------------------
# xsim v2021.1 (64-bit)
# SW Build 3247384 on Thu Jun 10 19:36:07 MDT 2021
# IP Build 3246043 on Fri Jun 11 00:30:35 MDT 2021
# Start of session at: Mon Mar  4 09:35:28 2024
# Process ID: 2610246
# Current directory: /home/joc460/gitclones/3700/midterm
# Command line: xsim -mode tcl -source {xsim.dir/sim/xsim_script.tcl}
# Log file: /home/joc460/gitclones/3700/midterm/xsim.log
# Journal file: /home/joc460/gitclones/3700/midterm/xsim.jou
#-----------------------------------------------------------
source xsim.dir/sim/xsim_script.tcl
# xsim {sim} -autoloadwcfg -runall
Time resolution is 1 ps
run -all
clk:    11 clk diff:    11 state: 0 clear: 1 t: 0 btn: 1 led:  0
clk:    12 clk diff:     1 state: 0 clear: 1 t: 0 btn: 1 led:  0
clk:    13 clk diff:     1 state: 0 clear: 1 t: 0 btn: 1 led:  0
clk:    14 clk diff:     1 state: 0 clear: 1 t: 0 btn: 1 led:  0
clk:    15 clk diff:     1 state: 0 clear: 1 t: 0 btn: 1 led:  0
clk:    16 clk diff:     1 state: 0 clear: 1 t: 0 btn: 1 led:  0
clk:    17 clk diff:     1 state: 0 clear: 1 t: 0 btn: 1 led:  0
clk:    18 clk diff:     1 state: 0 clear: 1 t: 0 btn: 1 led:  0
clk:    19 clk diff:     1 state: 0 clear: 1 t: 0 btn: 1 led:  0
clk:    20 clk diff:     1 state: 0 clear: 1 t: 0 btn: 1 led:  0
clk:    25 clk diff:     5 state: 0 clear: 1 t: 0 btn: 1 led:  0
clk:    26 clk diff:     1 state: 0 clear: 1 t: 0 btn: 1 led:  0
clk:    27 clk diff:     1 state: 0 clear: 1 t: 0 btn: 1 led:  0
clk:    28 clk diff:     1 state: 0 clear: 1 t: 0 btn: 1 led:  0
clk:    29 clk diff:     1 state: 0 clear: 1 t: 0 btn: 1 led:  0
clk:    30 clk diff:     1 state: 0 clear: 1 t: 0 btn: 1 led:  0
clk:    32 clk diff:     2 state: 0 clear: 1 t: 0 btn: 1 led:  0
clk:    33 clk diff:     1 state: 0 clear: 1 t: 0 btn: 1 led:  0
clk:    34 clk diff:     1 state: 0 clear: 1 t: 0 btn: 1 led:  0
clk:    35 clk diff:     1 state: 0 clear: 1 t: 0 btn: 1 led:  0
clk:    36 clk diff:     1 state: 0 clear: 1 t: 0 btn: 1 led:  0
clk:    37 clk diff:     1 state: 0 clear: 1 t: 0 btn: 1 led:  0
clk:    38 clk diff:     1 state: 0 clear: 1 t: 0 btn: 1 led:  0
clk:    39 clk diff:     1 state: 0 clear: 1 t: 0 btn: 1 led:  0
clk:    40 clk diff:     1 state: 0 clear: 1 t: 0 btn: 1 led:  0
clk:    41 clk diff:     1 state: 0 clear: 1 t: 0 btn: 1 led:  0
clk:    42 clk diff:     1 state: 0 clear: 1 t: 0 btn: 1 led:  0
clk:    43 clk diff:     1 state: 0 clear: 1 t: 0 btn: 1 led:  0
clk:    44 clk diff:     1 state: 0 clear: 1 t: 0 btn: 1 led:  0
clk:    45 clk diff:     1 state: 0 clear: 1 t: 0 btn: 1 led:  0
clk:    46 clk diff:     1 state: 0 clear: 1 t: 0 btn: 1 led:  0
clk:    47 clk diff:     1 state: 0 clear: 1 t: 0 btn: 1 led:  0
clk:    48 clk diff:     1 state: 0 clear: 1 t: 0 btn: 1 led:  0
clk:    49 clk diff:     1 state: 0 clear: 1 t: 0 btn: 1 led:  0
clk:    50 clk diff:     1 state: 0 clear: 1 t: 0 btn: 1 led:  0
clk:    51 clk diff:     1 state: 0 clear: 1 t: 0 btn: 1 led:  0
clk:    52 clk diff:     1 state: 0 clear: 1 t: 0 btn: 1 led:  0
clk:    53 clk diff:     1 state: 0 clear: 1 t: 0 btn: 1 led:  0
clk:    54 clk diff:     1 state: 0 clear: 1 t: 0 btn: 1 led:  0
clk:    55 clk diff:     1 state: 0 clear: 1 t: 0 btn: 1 led:  0
clk:    56 clk diff:     1 state: 0 clear: 1 t: 0 btn: 1 led:  0
clk:    57 clk diff:     1 state: 0 clear: 1 t: 0 btn: 1 led:  0
clk:    58 clk diff:     1 state: 0 clear: 1 t: 0 btn: 1 led:  0
clk:    59 clk diff:     1 state: 0 clear: 1 t: 0 btn: 1 led:  0
clk:    60 clk diff:     1 state: 0 clear: 1 t: 0 btn: 1 led:  0
clk:    61 clk diff:     1 state: 0 clear: 1 t: 0 btn: 1 led:  0
clk:    62 clk diff:     1 state: 0 clear: 1 t: 0 btn: 1 led:  0
clk:    63 clk diff:     1 state: 0 clear: 1 t: 0 btn: 1 led:  0
clk:    64 clk diff:     1 state: 0 clear: 1 t: 0 btn: 1 led:  0
clk:    65 clk diff:     1 state: 0 clear: 1 t: 0 btn: 1 led:  0
clk:    66 clk diff:     1 state: 0 clear: 1 t: 0 btn: 1 led:  0
clk:    67 clk diff:     1 state: 0 clear: 1 t: 0 btn: 1 led:  0
clk:    68 clk diff:     1 state: 0 clear: 1 t: 0 btn: 1 led:  0
clk:    69 clk diff:     1 state: 0 clear: 1 t: 0 btn: 1 led:  0
clk:    70 clk diff:     1 state: 0 clear: 1 t: 0 btn: 1 led:  0
clk:    71 clk diff:     1 state: 0 clear: 1 t: 0 btn: 1 led:  0
clk:    72 clk diff:     1 state: 0 clear: 1 t: 0 btn: 1 led:  0
clk:    73 clk diff:     1 state: 0 clear: 1 t: 0 btn: 1 led:  0
clk:    74 clk diff:     1 state: 0 clear: 1 t: 0 btn: 1 led:  0
clk:    75 clk diff:     1 state: 0 clear: 1 t: 0 btn: 1 led:  0
clk:    76 clk diff:     1 state: 0 clear: 1 t: 0 btn: 1 led:  0
clk:    77 clk diff:     1 state: 0 clear: 1 t: 0 btn: 1 led:  0
clk:    78 clk diff:     1 state: 0 clear: 1 t: 0 btn: 1 led:  0
clk:    79 clk diff:     1 state: 0 clear: 1 t: 0 btn: 1 led:  0
clk:    80 clk diff:     1 state: 0 clear: 1 t: 0 btn: 1 led:  0
clk:    81 clk diff:     1 state: 0 clear: 1 t: 0 btn: 1 led:  0
clk:    82 clk diff:     1 state: 0 clear: 1 t: 0 btn: 1 led:  0
clk:    83 clk diff:     1 state: 0 clear: 1 t: 0 btn: 1 led:  0
clk:    84 clk diff:     1 state: 0 clear: 1 t: 0 btn: 1 led:  0
clk:    85 clk diff:     1 state: 0 clear: 1 t: 0 btn: 1 led:  0
clk:    86 clk diff:     1 state: 0 clear: 1 t: 0 btn: 1 led:  0
clk:    87 clk diff:     1 state: 0 clear: 1 t: 0 btn: 1 led:  0
clk:    88 clk diff:     1 state: 0 clear: 1 t: 0 btn: 1 led:  0
clk:    89 clk diff:     1 state: 0 clear: 1 t: 0 btn: 1 led:  0
clk:    90 clk diff:     1 state: 0 clear: 1 t: 0 btn: 1 led:  0
clk:    91 clk diff:     1 state: 0 clear: 1 t: 0 btn: 1 led:  0
clk:    92 clk diff:     1 state: 0 clear: 1 t: 0 btn: 1 led:  0
clk:    93 clk diff:     1 state: 0 clear: 1 t: 0 btn: 1 led:  0
clk:    94 clk diff:     1 state: 0 clear: 1 t: 0 btn: 1 led:  0
clk:    95 clk diff:     1 state: 0 clear: 1 t: 0 btn: 1 led:  0
clk:    96 clk diff:     1 state: 0 clear: 1 t: 0 btn: 1 led:  0
clk:    97 clk diff:     1 state: 0 clear: 1 t: 0 btn: 1 led:  0
clk:    98 clk diff:     1 state: 0 clear: 1 t: 0 btn: 1 led:  0
clk:    99 clk diff:     1 state: 0 clear: 1 t: 0 btn: 1 led:  0
clk:   100 clk diff:     1 state: 0 clear: 1 t: 0 btn: 1 led:  0
clk:   101 clk diff:     1 state: 0 clear: 1 t: 0 btn: 1 led:  0
clk:   102 clk diff:     1 state: 0 clear: 1 t: 0 btn: 1 led:  0
clk:   103 clk diff:     1 state: 0 clear: 1 t: 0 btn: 1 led:  0
clk:   104 clk diff:     1 state: 0 clear: 1 t: 0 btn: 1 led:  0
clk:   105 clk diff:     1 state: 0 clear: 1 t: 0 btn: 1 led:  0
clk:   106 clk diff:     1 state: 0 clear: 1 t: 0 btn: 1 led:  0
clk:   107 clk diff:     1 state: 0 clear: 1 t: 0 btn: 1 led:  0
clk:   108 clk diff:     1 state: 0 clear: 1 t: 0 btn: 1 led:  0
clk:   109 clk diff:     1 state: 0 clear: 1 t: 0 btn: 1 led:  0
clk:   110 clk diff:     1 state: 0 clear: 1 t: 0 btn: 1 led:  0
clk:   111 clk diff:     1 state: 0 clear: 1 t: 0 btn: 1 led:  0
clk:   112 clk diff:     1 state: 0 clear: 1 t: 0 btn: 1 led:  0
clk:   113 clk diff:     1 state: 0 clear: 1 t: 0 btn: 1 led:  0
clk:   114 clk diff:     1 state: 0 clear: 1 t: 0 btn: 1 led:  0
clk:   115 clk diff:     1 state: 0 clear: 1 t: 0 btn: 1 led:  0
clk:   116 clk diff:     1 state: 0 clear: 1 t: 0 btn: 1 led:  0
clk:   117 clk diff:     1 state: 0 clear: 1 t: 0 btn: 1 led:  0
clk:   118 clk diff:     1 state: 0 clear: 1 t: 0 btn: 1 led:  0
clk:   119 clk diff:     1 state: 0 clear: 1 t: 0 btn: 1 led:  0
clk:   120 clk diff:     1 state: 0 clear: 1 t: 0 btn: 1 led:  0
clk:   121 clk diff:     1 state: 0 clear: 1 t: 0 btn: 1 led:  0
clk:   122 clk diff:     1 state: 0 clear: 1 t: 0 btn: 1 led:  0
clk:   123 clk diff:     1 state: 0 clear: 1 t: 0 btn: 1 led:  0
clk:   124 clk diff:     1 state: 0 clear: 1 t: 0 btn: 1 led:  0
clk:   125 clk diff:     1 state: 0 clear: 1 t: 0 btn: 1 led:  0
clk:   126 clk diff:     1 state: 0 clear: 1 t: 0 btn: 1 led:  0
clk:   127 clk diff:     1 state: 0 clear: 1 t: 0 btn: 1 led:  0
clk:   128 clk diff:     1 state: 0 clear: 1 t: 0 btn: 1 led:  0
clk:   129 clk diff:     1 state: 0 clear: 1 t: 0 btn: 1 led:  0
clk:   130 clk diff:     1 state: 0 clear: 1 t: 0 btn: 1 led:  0
clk:   131 clk diff:     1 state: 0 clear: 1 t: 0 btn: 1 led:  0
clk:   132 clk diff:     1 state: 0 clear: 1 t: 0 btn: 1 led:  0
clk:   133 clk diff:     1 state: 0 clear: 1 t: 0 btn: 1 led:  0
clk:   134 clk diff:     1 state: 0 clear: 1 t: 0 btn: 1 led:  0
clk:   135 clk diff:     1 state: 0 clear: 1 t: 0 btn: 1 led:  0
clk:   136 clk diff:     1 state: 0 clear: 1 t: 0 btn: 1 led:  0
clk:   137 clk diff:     1 state: 0 clear: 1 t: 0 btn: 1 led:  0
clk:   138 clk diff:     1 state: 0 clear: 1 t: 0 btn: 1 led:  0
clk:   139 clk diff:     1 state: 0 clear: 1 t: 0 btn: 1 led:  0
clk:   140 clk diff:     1 state: 0 clear: 1 t: 0 btn: 1 led:  0
clk:   141 clk diff:     1 state: 0 clear: 1 t: 0 btn: 1 led:  0
clk:   142 clk diff:     1 state: 0 clear: 1 t: 0 btn: 1 led:  0
clk:   143 clk diff:     1 state: 0 clear: 1 t: 0 btn: 1 led:  0
clk:   144 clk diff:     1 state: 0 clear: 1 t: 0 btn: 1 led:  0
clk:   145 clk diff:     1 state: 0 clear: 1 t: 0 btn: 1 led:  0
clk:   146 clk diff:     1 state: 0 clear: 1 t: 0 btn: 1 led:  0
clk:   147 clk diff:     1 state: 0 clear: 1 t: 0 btn: 1 led:  0
clk:   148 clk diff:     1 state: 0 clear: 1 t: 0 btn: 1 led:  0
clk:   149 clk diff:     1 state: 0 clear: 1 t: 0 btn: 1 led:  0
clk:   150 clk diff:     1 state: 0 clear: 1 t: 0 btn: 1 led:  0
clk:   151 clk diff:     1 state: 0 clear: 1 t: 0 btn: 1 led:  0
clk:   152 clk diff:     1 state: 0 clear: 1 t: 0 btn: 1 led:  0
clk:   153 clk diff:     1 state: 0 clear: 1 t: 0 btn: 1 led:  0
clk:   154 clk diff:     1 state: 0 clear: 1 t: 0 btn: 1 led:  0
clk:   155 clk diff:     1 state: 0 clear: 1 t: 0 btn: 1 led:  0
clk:   156 clk diff:     1 state: 0 clear: 1 t: 0 btn: 1 led:  0
clk:   157 clk diff:     1 state: 0 clear: 1 t: 0 btn: 1 led:  0
clk:   158 clk diff:     1 state: 0 clear: 1 t: 0 btn: 1 led:  0
clk:   159 clk diff:     1 state: 0 clear: 1 t: 0 btn: 1 led:  0
clk:   160 clk diff:     1 state: 0 clear: 1 t: 0 btn: 1 led:  0
clk:   161 clk diff:     1 state: 0 clear: 1 t: 0 btn: 1 led:  0
clk:   162 clk diff:     1 state: 0 clear: 1 t: 0 btn: 1 led:  0
clk:   163 clk diff:     1 state: 0 clear: 1 t: 0 btn: 1 led:  0
clk:   164 clk diff:     1 state: 0 clear: 1 t: 0 btn: 1 led:  0
clk:   165 clk diff:     1 state: 0 clear: 1 t: 0 btn: 1 led:  0
clk:   166 clk diff:     1 state: 0 clear: 1 t: 0 btn: 1 led:  0
clk:   167 clk diff:     1 state: 0 clear: 1 t: 0 btn: 1 led:  0
clk:   168 clk diff:     1 state: 0 clear: 1 t: 0 btn: 1 led:  0
clk:   169 clk diff:     1 state: 0 clear: 1 t: 0 btn: 1 led:  0
clk:   170 clk diff:     1 state: 0 clear: 1 t: 0 btn: 1 led:  0
clk:   171 clk diff:     1 state: 0 clear: 1 t: 0 btn: 1 led:  0
clk:   172 clk diff:     1 state: 0 clear: 1 t: 0 btn: 1 led:  0
clk:   173 clk diff:     1 state: 0 clear: 1 t: 0 btn: 1 led:  0
clk:   174 clk diff:     1 state: 0 clear: 1 t: 0 btn: 1 led:  0
clk:   175 clk diff:     1 state: 0 clear: 1 t: 0 btn: 1 led:  0
clk:   176 clk diff:     1 state: 0 clear: 1 t: 0 btn: 1 led:  0
clk:   177 clk diff:     1 state: 0 clear: 1 t: 0 btn: 1 led:  0
clk:   178 clk diff:     1 state: 0 clear: 1 t: 0 btn: 1 led:  0
clk:   179 clk diff:     1 state: 0 clear: 1 t: 0 btn: 1 led:  0
clk:   180 clk diff:     1 state: 0 clear: 1 t: 0 btn: 1 led:  0
clk:   181 clk diff:     1 state: 0 clear: 1 t: 0 btn: 1 led:  0
clk:   182 clk diff:     1 state: 0 clear: 1 t: 0 btn: 1 led:  0
clk:   183 clk diff:     1 state: 0 clear: 1 t: 0 btn: 1 led:  0
clk:   184 clk diff:     1 state: 0 clear: 1 t: 0 btn: 1 led:  0
clk:   185 clk diff:     1 state: 0 clear: 1 t: 0 btn: 1 led:  0
clk:   186 clk diff:     1 state: 0 clear: 1 t: 0 btn: 1 led:  0
clk:   187 clk diff:     1 state: 0 clear: 1 t: 0 btn: 1 led:  0
clk:   188 clk diff:     1 state: 0 clear: 1 t: 0 btn: 1 led:  0
clk:   189 clk diff:     1 state: 0 clear: 1 t: 0 btn: 1 led:  0
clk:   190 clk diff:     1 state: 0 clear: 1 t: 0 btn: 1 led:  0
clk:   191 clk diff:     1 state: 0 clear: 1 t: 0 btn: 1 led:  0
clk:   192 clk diff:     1 state: 0 clear: 1 t: 0 btn: 1 led:  0
clk:   193 clk diff:     1 state: 0 clear: 1 t: 0 btn: 1 led:  0
clk:   194 clk diff:     1 state: 0 clear: 1 t: 0 btn: 1 led:  0
clk:   195 clk diff:     1 state: 0 clear: 1 t: 0 btn: 1 led:  0
clk:   196 clk diff:     1 state: 0 clear: 1 t: 0 btn: 1 led:  0
clk:   197 clk diff:     1 state: 0 clear: 1 t: 0 btn: 1 led:  0
clk:   198 clk diff:     1 state: 0 clear: 1 t: 0 btn: 1 led:  0
clk:   199 clk diff:     1 state: 0 clear: 1 t: 0 btn: 1 led:  0
clk:   200 clk diff:     1 state: 0 clear: 1 t: 0 btn: 1 led:  0
clk:   211 clk diff:    11 state: 0 clear: 1 t: 0 btn: 1 led:  0
clk:   212 clk diff:     1 state: 0 clear: 1 t: 0 btn: 1 led:  0
clk:   213 clk diff:     1 state: 0 clear: 1 t: 0 btn: 1 led:  0
clk:   214 clk diff:     1 state: 0 clear: 1 t: 0 btn: 1 led:  0
clk:   215 clk diff:     1 state: 0 clear: 1 t: 0 btn: 1 led:  0
clk:   231 clk diff:    16 state: 0 clear: 1 t: 0 btn: 1 led:  0
clk:   232 clk diff:     1 state: 0 clear: 1 t: 0 btn: 1 led:  0
clk:   233 clk diff:     1 state: 0 clear: 1 t: 0 btn: 1 led:  0
clk:   234 clk diff:     1 state: 0 clear: 1 t: 0 btn: 1 led:  0
clk:   235 clk diff:     1 state: 0 clear: 1 t: 0 btn: 1 led:  0
$finish called at time : 20010 ns : File "/home/joc460/gitclones/3700/midterm/src/testbench.v" Line 192
exit
INFO: [Common 17-206] Exiting xsim at Mon Mar  4 09:35:37 2024...
